<?xml version="1.0" encoding="UTF-8"?>
<testng-results ignored="0" total="1" passed="0" failed="1" skipped="0">
  <reporter-output>
  </reporter-output>
  <suite started-at="2022-07-23T18:29:27 IST" name="Default suite" finished-at="2022-07-23T18:30:51 IST" duration-ms="84300">
    <groups>
    </groups>
    <test started-at="2022-07-23T18:29:27 IST" name="Default test" finished-at="2022-07-23T18:30:51 IST" duration-ms="84300">
      <class name="Test.ExcelUtils">
        <test-method is-config="true" signature="startUp()[pri:0, instance:Test.ExcelUtils@25ce9dc4]" started-at="2022-07-23T18:29:27 IST" name="startUp" finished-at="2022-07-23T18:30:20 IST" duration-ms="52848" status="PASS">
          <reporter-output>
          </reporter-output>
        </test-method> <!-- startUp -->
        <test-method signature="test1(java.lang.String,java.lang.String,java.lang.String,java.lang.String,java.lang.String,java.lang.String,java.lang.String,java.lang.String,java.lang.String,java.lang.String,java.lang.String,java.lang.String,java.lang.String,java.lang.String,java.lang.String,java.lang.String,java.lang.String,java.lang.String,java.lang.String,java.lang.String,java.lang.String,java.lang.String,java.lang.String,java.lang.String,java.lang.String,java.lang.String,java.lang.String,java.lang.String,java.lang.String,java.lang.String,java.lang.String,java.lang.String,java.lang.String,java.lang.String,java.lang.String,java.lang.String,java.lang.String,java.lang.String,java.lang.String,java.lang.String,java.lang.String,java.lang.String,java.lang.String,java.lang.String,java.lang.String,java.lang.String,java.lang.String,java.lang.String,java.lang.String)[pri:0, instance:Test.ExcelUtils@25ce9dc4]" started-at="2022-07-23T18:30:38 IST" name="test1" data-provider="testData1" finished-at="2022-07-23T18:30:50 IST" duration-ms="12678" status="FAIL">
          <params>
            <param index="0">
              <value>
                <![CDATA[2.0]]>
              </value>
            </param>
            <param index="1">
              <value>
                <![CDATA[Mr.]]>
              </value>
            </param>
            <param index="2">
              <value>
                <![CDATA[Adam]]>
              </value>
            </param>
            <param index="3">
              <value>
                <![CDATA[]]>
              </value>
            </param>
            <param index="4">
              <value>
                <![CDATA[Abraham]]>
              </value>
            </param>
            <param index="5">
              <value>
                <![CDATA[purus.ac@hotmail.com]]>
              </value>
            </param>
            <param index="6">
              <value>
                <![CDATA[]]>
              </value>
            </param>
            <param index="7">
              <value>
                <![CDATA[]]>
              </value>
            </param>
            <param index="8">
              <value>
                <![CDATA[4.649642865E9]]>
              </value>
            </param>
            <param index="9">
              <value>
                <![CDATA[7.61417112E8]]>
              </value>
            </param>
            <param index="10">
              <value>
                <![CDATA[India]]>
              </value>
            </param>
            <param index="11">
              <value>
                <![CDATA[Meghalaya]]>
              </value>
            </param>
            <param index="12">
              <value>
                <![CDATA[]]>
              </value>
            </param>
            <param index="13">
              <value>
                <![CDATA[]]>
              </value>
            </param>
            <param index="14">
              <value>
                <![CDATA[Indian]]>
              </value>
            </param>
            <param index="15">
              <value>
                <![CDATA[]]>
              </value>
            </param>
            <param index="16">
              <value>
                <![CDATA[Africa]]>
              </value>
            </param>
            <param index="17">
              <value>
                <![CDATA[Male]]>
              </value>
            </param>
            <param index="18">
              <value>
                <![CDATA[24/06/1970]]>
              </value>
            </param>
            <param index="19">
              <value>
                <![CDATA[Symbiosis International (Deemed University)]]>
              </value>
            </param>
            <param index="20">
              <value>
                <![CDATA[Law]]>
              </value>
            </param>
            <param index="21">
              <value>
                <![CDATA[SLS-P]]>
              </value>
            </param>
            <param index="22">
              <value>
                <![CDATA[]]>
              </value>
            </param>
            <param index="23">
              <value>
                <![CDATA[]]>
              </value>
            </param>
            <param index="24">
              <value>
                <![CDATA[1990.0]]>
              </value>
            </param>
            <param index="25">
              <value>
                <![CDATA[1345672.0]]>
              </value>
            </param>
            <param index="26">
              <value>
                <![CDATA[Pass]]>
              </value>
            </param>
            <param index="27">
              <value>
                <![CDATA[]]>
              </value>
            </param>
            <param index="28">
              <value>
                <![CDATA[]]>
              </value>
            </param>
            <param index="29">
              <value>
                <![CDATA[CBSC]]>
              </value>
            </param>
            <param index="30">
              <value>
                <![CDATA[CBSC]]>
              </value>
            </param>
            <param index="31">
              <value>
                <![CDATA[]]>
              </value>
            </param>
            <param index="32">
              <value>
                <![CDATA[]]>
              </value>
            </param>
            <param index="33">
              <value>
                <![CDATA[]]>
              </value>
            </param>
            <param index="34">
              <value>
                <![CDATA[]]>
              </value>
            </param>
            <param index="35">
              <value>
                <![CDATA[]]>
              </value>
            </param>
            <param index="36">
              <value>
                <![CDATA[]]>
              </value>
            </param>
            <param index="37">
              <value>
                <![CDATA[]]>
              </value>
            </param>
            <param index="38">
              <value>
                <![CDATA[]]>
              </value>
            </param>
            <param index="39">
              <value>
                <![CDATA[]]>
              </value>
            </param>
            <param index="40">
              <value>
                <![CDATA[]]>
              </value>
            </param>
            <param index="41">
              <value>
                <![CDATA[]]>
              </value>
            </param>
            <param index="42">
              <value>
                <![CDATA[]]>
              </value>
            </param>
            <param index="43">
              <value>
                <![CDATA[]]>
              </value>
            </param>
            <param index="44">
              <value>
                <![CDATA[]]>
              </value>
            </param>
            <param index="45">
              <value>
                <![CDATA[]]>
              </value>
            </param>
            <param index="46">
              <value>
                <![CDATA[]]>
              </value>
            </param>
            <param index="47">
              <value>
                <![CDATA[]]>
              </value>
            </param>
            <param index="48">
              <value>
                <![CDATA[]]>
              </value>
            </param>
          </params>
          <exception class="org.openqa.selenium.ElementNotInteractableException">
            <message>
              <![CDATA[element not interactable: Element is not currently visible and may not be manipulated
  (Session info: chrome=103.0.5060.134)
Build info: version: '4.1.4', revision: '535d840ee2'
System info: host: 'JAYESH-PC', ip: '192.168.0.103', os.name: 'Windows 7', os.arch: 'amd64', os.version: '6.1', java.version: '11.0.13'
Driver info: org.openqa.selenium.chrome.ChromeDriver
Command: [37db10f53710c7e3f89647bf908e91f8, clickElement {id=fa0d7b0d-68a0-482c-9e11-b32c998e0904}]
Capabilities {acceptInsecureCerts: false, browserName: chrome, browserVersion: 103.0.5060.134, chrome: {chromedriverVersion: 103.0.5060.134 (8ec6fce403b..., userDataDir: C:\Users\Jayesh\AppData\Loc...}, goog:chromeOptions: {debuggerAddress: localhost:52747}, javascriptEnabled: true, networkConnectionEnabled: false, pageLoadStrategy: normal, platform: WINDOWS, platformName: WINDOWS, proxy: Proxy(), se:cdp: ws://localhost:52747/devtoo..., se:cdpVersion: 103.0.5060.134, setWindowRect: true, strictFileInteractability: false, timeouts: {implicit: 0, pageLoad: 300000, script: 30000}, unhandledPromptBehavior: dismiss and notify, webauthn:extension:credBlob: true, webauthn:extension:largeBlob: true, webauthn:virtualAuthenticators: true}
Element: [[[[ChromeDriver: chrome on WINDOWS (37db10f53710c7e3f89647bf908e91f8)] -> xpath: //*[contains(text(), 'Institute Type')]/following-sibling::select[1]]] -> xpath: .//option[normalize-space(.) = "Symbiosis International (Deemed University)"]]
Session ID: 37db10f53710c7e3f89647bf908e91f8]]>
            </message>
            <full-stacktrace>
              <![CDATA[org.openqa.selenium.ElementNotInteractableException: element not interactable: Element is not currently visible and may not be manipulated
  (Session info: chrome=103.0.5060.134)
Build info: version: '4.1.4', revision: '535d840ee2'
System info: host: 'JAYESH-PC', ip: '192.168.0.103', os.name: 'Windows 7', os.arch: 'amd64', os.version: '6.1', java.version: '11.0.13'
Driver info: org.openqa.selenium.chrome.ChromeDriver
Command: [37db10f53710c7e3f89647bf908e91f8, clickElement {id=fa0d7b0d-68a0-482c-9e11-b32c998e0904}]
Capabilities {acceptInsecureCerts: false, browserName: chrome, browserVersion: 103.0.5060.134, chrome: {chromedriverVersion: 103.0.5060.134 (8ec6fce403b..., userDataDir: C:\Users\Jayesh\AppData\Loc...}, goog:chromeOptions: {debuggerAddress: localhost:52747}, javascriptEnabled: true, networkConnectionEnabled: false, pageLoadStrategy: normal, platform: WINDOWS, platformName: WINDOWS, proxy: Proxy(), se:cdp: ws://localhost:52747/devtoo..., se:cdpVersion: 103.0.5060.134, setWindowRect: true, strictFileInteractability: false, timeouts: {implicit: 0, pageLoad: 300000, script: 30000}, unhandledPromptBehavior: dismiss and notify, webauthn:extension:credBlob: true, webauthn:extension:largeBlob: true, webauthn:virtualAuthenticators: true}
Element: [[[[ChromeDriver: chrome on WINDOWS (37db10f53710c7e3f89647bf908e91f8)] -> xpath: //*[contains(text(), 'Institute Type')]/following-sibling::select[1]]] -> xpath: .//option[normalize-space(.) = "Symbiosis International (Deemed University)"]]
Session ID: 37db10f53710c7e3f89647bf908e91f8
at java.base/jdk.internal.reflect.NativeConstructorAccessorImpl.newInstance0(Native Method)
at java.base/jdk.internal.reflect.NativeConstructorAccessorImpl.newInstance(NativeConstructorAccessorImpl.java:62)
at java.base/jdk.internal.reflect.DelegatingConstructorAccessorImpl.newInstance(DelegatingConstructorAccessorImpl.java:45)
at java.base/java.lang.reflect.Constructor.newInstance(Constructor.java:490)
at org.openqa.selenium.remote.codec.w3c.W3CHttpResponseCodec.createException(W3CHttpResponseCodec.java:200)
at org.openqa.selenium.remote.codec.w3c.W3CHttpResponseCodec.decode(W3CHttpResponseCodec.java:133)
at org.openqa.selenium.remote.codec.w3c.W3CHttpResponseCodec.decode(W3CHttpResponseCodec.java:53)
at org.openqa.selenium.remote.HttpCommandExecutor.execute(HttpCommandExecutor.java:184)
at org.openqa.selenium.remote.service.DriverCommandExecutor.invokeExecute(DriverCommandExecutor.java:167)
at org.openqa.selenium.remote.service.DriverCommandExecutor.execute(DriverCommandExecutor.java:142)
at org.openqa.selenium.remote.RemoteWebDriver.execute(RemoteWebDriver.java:567)
at org.openqa.selenium.remote.RemoteWebElement.execute(RemoteWebElement.java:251)
at org.openqa.selenium.remote.RemoteWebElement.click(RemoteWebElement.java:77)
at org.openqa.selenium.support.ui.Select.setSelected(Select.java:315)
at org.openqa.selenium.support.ui.Select.selectByVisibleText(Select.java:117)
at Test.ExcelUtils.test1(ExcelUtils.java:233)
at java.base/jdk.internal.reflect.NativeMethodAccessorImpl.invoke0(Native Method)
at java.base/jdk.internal.reflect.NativeMethodAccessorImpl.invoke(NativeMethodAccessorImpl.java:62)
at java.base/jdk.internal.reflect.DelegatingMethodAccessorImpl.invoke(DelegatingMethodAccessorImpl.java:43)
at java.base/java.lang.reflect.Method.invoke(Method.java:566)
at org.testng.internal.invokers.MethodInvocationHelper.invokeMethod(MethodInvocationHelper.java:135)
at org.testng.internal.invokers.TestInvoker.invokeMethod(TestInvoker.java:673)
at org.testng.internal.invokers.TestInvoker.invokeTestMethod(TestInvoker.java:220)
at org.testng.internal.invokers.MethodRunner.runInSequence(MethodRunner.java:50)
at org.testng.internal.invokers.TestInvoker$MethodInvocationAgent.invoke(TestInvoker.java:945)
at org.testng.internal.invokers.TestInvoker.invokeTestMethods(TestInvoker.java:193)
at org.testng.internal.invokers.TestMethodWorker.invokeTestMethods(TestMethodWorker.java:146)
at org.testng.internal.invokers.TestMethodWorker.run(TestMethodWorker.java:128)
at java.base/java.util.ArrayList.forEach(ArrayList.java:1541)
at org.testng.TestRunner.privateRun(TestRunner.java:808)
at org.testng.TestRunner.run(TestRunner.java:603)
at org.testng.SuiteRunner.runTest(SuiteRunner.java:429)
at org.testng.SuiteRunner.runSequentially(SuiteRunner.java:423)
at org.testng.SuiteRunner.privateRun(SuiteRunner.java:383)
at org.testng.SuiteRunner.run(SuiteRunner.java:326)
at org.testng.SuiteRunnerWorker.runSuite(SuiteRunnerWorker.java:52)
at org.testng.SuiteRunnerWorker.run(SuiteRunnerWorker.java:95)
at org.testng.TestNG.runSuitesSequentially(TestNG.java:1249)
at org.testng.TestNG.runSuitesLocally(TestNG.java:1169)
at org.testng.TestNG.runSuites(TestNG.java:1092)
at org.testng.TestNG.run(TestNG.java:1060)
at org.testng.remote.AbstractRemoteTestNG.run(AbstractRemoteTestNG.java:115)
at org.testng.remote.RemoteTestNG.initAndRun(RemoteTestNG.java:251)
at org.testng.remote.RemoteTestNG.main(RemoteTestNG.java:77)
]]>
            </full-stacktrace>
          </exception> <!-- org.openqa.selenium.ElementNotInteractableException -->
          <reporter-output>
          </reporter-output>
        </test-method> <!-- test1 -->
        <test-method is-config="true" signature="shutDown()[pri:0, instance:Test.ExcelUtils@25ce9dc4]" started-at="2022-07-23T18:30:50 IST" name="shutDown" finished-at="2022-07-23T18:30:51 IST" duration-ms="952" status="PASS">
          <reporter-output>
          </reporter-output>
        </test-method> <!-- shutDown -->
      </class> <!-- Test.ExcelUtils -->
    </test> <!-- Default test -->
  </suite> <!-- Default suite -->
</testng-results>
